<?xml version="1.0" encoding="UTF-8"?>
<testsuite name="TestFlatMap" tests="2" skipped="0" failures="0" errors="0" timestamp="2021-03-03T15:08:29" hostname="EPHUBUDW0601" time="0.042">
  <properties/>
  <testcase name="testGetOrderedProductsSet" classname="TestFlatMap" time="0.039"/>
  <testcase name="testGetAllOrderedProducts" classname="TestFlatMap" time="0.003"/>
  <system-out><![CDATA[]]></system-out>
  <system-err><![CDATA[]]></system-err>
</testsuite>
