<?xml version="1.0" encoding="UTF-8"?>
<testsuite name="TestRangeTo" tests="3" skipped="0" failures="0" errors="0" timestamp="2021-02-22T15:45:25" hostname="EPHUBUDW0601" time="0.008">
  <properties/>
  <testcase name="testAfter" classname="TestRangeTo" time="0.007"/>
  <testcase name="testBefore" classname="TestRangeTo" time="0.001"/>
  <testcase name="testInRange" classname="TestRangeTo" time="0.0"/>
  <system-out><![CDATA[]]></system-out>
  <system-err><![CDATA[]]></system-err>
</testsuite>
