<?xml version="1.0" encoding="UTF-8"?>
<testsuite name="TestIntroduction" tests="1" skipped="0" failures="0" errors="0" timestamp="2021-02-26T12:12:14" hostname="EPHUBUDW0601" time="0.035">
  <properties/>
  <testcase name="testSetOfCustomers" classname="TestIntroduction" time="0.035"/>
  <system-out><![CDATA[]]></system-out>
  <system-err><![CDATA[]]></system-err>
</testsuite>
