<?xml version="1.0" encoding="UTF-8"?>
<testsuite name="Test" tests="1" skipped="0" failures="0" errors="0" timestamp="2021-02-22T15:18:06" hostname="EPHUBUDW0601" time="0.034">
  <properties/>
  <testcase name="testRandom" classname="Test" time="0.034"/>
  <system-out><![CDATA[]]></system-out>
  <system-err><![CDATA[]]></system-err>
</testsuite>
