<?xml version="1.0" encoding="UTF-8"?>
<testsuite name="TestInvoke" tests="2" skipped="0" failures="0" errors="0" timestamp="2021-02-26T12:08:17" hostname="EPHUBUDW0601" time="0.012">
  <properties/>
  <testcase name="testInvokeTwice" classname="TestInvoke" time="0.009"/>
  <testcase name="testNumberOfInvocations" classname="TestInvoke" time="0.003"/>
  <system-out><![CDATA[]]></system-out>
  <system-err><![CDATA[]]></system-err>
</testsuite>
