<?xml version="1.0" encoding="UTF-8"?>
<testsuite name="TestSum" tests="2" skipped="0" failures="0" errors="0" timestamp="2021-02-26T13:36:34" hostname="EPHUBUDW0601" time="0.04">
  <properties/>
  <testcase name="testGetTotalOrderPrice" classname="TestSum" time="0.04"/>
  <testcase name="testGetTotalOrderPrice1" classname="TestSum" time="0.0"/>
  <system-out><![CDATA[]]></system-out>
  <system-err><![CDATA[]]></system-err>
</testsuite>
