<?xml version="1.0" encoding="UTF-8"?>
<testsuite name="TestForLoop" tests="2" skipped="0" failures="0" errors="0" timestamp="2021-02-26T11:47:44" hostname="EPHUBUDW0601" time="0.044">
  <properties/>
  <testcase name="testIterateOverDateRange" classname="TestForLoop" time="0.042"/>
  <testcase name="testIterateOverEmptyRange" classname="TestForLoop" time="0.001"/>
  <system-out><![CDATA[]]></system-out>
  <system-err><![CDATA[]]></system-err>
</testsuite>
