<?xml version="1.0" encoding="UTF-8"?>
<testsuite name="TestGroupBy" tests="1" skipped="0" failures="0" errors="0" timestamp="2021-02-26T13:38:24" hostname="EPHUBUDW0601" time="0.038">
  <properties/>
  <testcase name="testGroupCustomersByCity" classname="TestGroupBy" time="0.038"/>
  <system-out><![CDATA[]]></system-out>
  <system-err><![CDATA[]]></system-err>
</testsuite>
